2024-05-25 13:43:55,848 - INFO - Début du scraping...
2024-05-25 13:45:03,689 - INFO - Début du scraping...
2024-05-25 13:46:06,208 - INFO - Next page link not found. Assuming no more pages.
2024-05-25 13:48:34,677 - INFO - Début du scraping...
2024-05-25 13:49:39,181 - INFO - Page scraped
2024-05-25 13:49:52,226 - INFO - Page scraped
2024-05-25 13:50:04,821 - INFO - Page scraped
2024-05-25 13:50:27,882 - ERROR - Timeout occurred while waiting for the next page to load.
2024-05-25 13:55:03,763 - INFO - Début du scraping...
2024-05-25 13:56:08,727 - INFO - Next page link not found. Assuming no more pages.
2024-05-25 13:57:16,515 - INFO - Début du scraping...
2024-05-25 13:58:13,286 - INFO - Page scraped
2024-05-25 13:58:28,697 - INFO - Page scraped
2024-05-25 13:58:43,889 - INFO - Début du scraping...
2024-05-25 13:59:36,109 - INFO - Next page link not found. Assuming no more pages.
2024-05-25 14:00:33,636 - INFO - Début du scraping...
2024-05-25 14:01:29,459 - INFO - Début du scraping...
2024-05-25 14:02:16,738 - INFO - Next page link not found. Assuming no more pages.
2024-05-25 14:02:37,064 - INFO - Début du scraping...
2024-05-25 14:03:28,368 - INFO - Next page link not found. Assuming no more pages.
2024-05-25 14:03:57,087 - INFO - Début du scraping...
2024-05-25 14:05:03,932 - INFO - Page scraped
2024-05-25 14:05:20,506 - INFO - Page scraped
2024-05-25 14:05:36,104 - INFO - Page scraped
2024-05-25 14:05:55,126 - INFO - Page scraped
2024-05-25 14:06:07,845 - INFO - Page scraped
2024-05-25 14:06:17,896 - INFO - Début du scraping...
2024-05-25 14:06:19,396 - INFO - Page scraped
2024-05-25 14:06:36,586 - INFO - Début du scraping...
2024-05-25 14:07:40,281 - INFO - Page scraped
2024-05-25 14:07:55,879 - INFO - Page scraped
2024-05-25 14:08:15,563 - INFO - Page scraped
2024-05-25 14:08:33,033 - INFO - Page scraped
2024-05-25 14:08:47,843 - INFO - Page scraped
2024-05-25 14:09:01,810 - INFO - Page scraped
2024-05-25 14:09:24,118 - ERROR - Timeout occurred while waiting for the next page to load.
2024-05-25 16:17:21,225 - INFO - Début du scraping...
2024-05-25 16:18:20,602 - INFO - Page scraped
2024-05-25 16:18:33,127 - INFO - Page scraped
2024-05-25 16:18:44,888 - INFO - Page scraped
2024-05-25 16:19:00,096 - INFO - Page scraped
2024-05-25 16:19:11,580 - INFO - Page scraped
2024-05-25 16:19:26,461 - INFO - Page scraped
2024-05-25 16:19:50,078 - ERROR - Timeout occurred while waiting for the next page to load.
2024-05-25 17:25:41,008 - INFO - Début du scraping...
2024-05-25 17:26:39,157 - INFO - Page scraped
2024-05-25 17:26:52,770 - INFO - Page scraped
2024-05-25 17:27:04,738 - INFO - Page scraped
2024-05-25 17:27:17,858 - INFO - Page scraped
2024-05-25 17:27:29,975 - INFO - Page scraped
2024-05-25 17:27:42,399 - INFO - Page scraped
2024-05-25 17:28:05,445 - ERROR - Timeout occurred while waiting for the next page to load.
2024-05-25 17:37:09,836 - INFO - Début du scraping...
2024-05-25 17:38:11,603 - INFO - Page scraped
2024-05-25 17:38:23,752 - INFO - Page scraped
2024-05-25 17:38:36,499 - INFO - Page scraped
2024-05-25 17:38:48,936 - INFO - Page scraped
2024-05-25 17:39:01,006 - INFO - Page scraped
2024-05-25 17:39:22,819 - ERROR - Timeout occurred while waiting for the next page to load.
2024-05-25 17:46:46,934 - INFO - Début du scraping...
2024-05-25 17:48:02,862 - INFO - Début du scraping...
2024-05-25 17:49:20,923 - INFO - Page scraped
2024-05-25 17:49:37,515 - INFO - Page scraped
2024-05-25 17:49:52,119 - INFO - Page scraped
2024-05-25 17:50:06,041 - INFO - Page scraped
2024-05-25 17:50:28,908 - ERROR - Timeout occurred while waiting for the next page to load.
2024-05-25 17:57:32,662 - INFO - Début du scraping...
2024-05-25 17:58:31,324 - INFO - Page scraped
2024-05-25 17:58:45,130 - INFO - Page scraped
2024-05-25 17:58:55,440 - INFO - Page scraped
2024-05-25 17:59:10,915 - INFO - Page scraped
2024-05-25 17:59:31,458 - ERROR - Timeout occurred while waiting for the next page to load.
2024-05-25 18:06:49,638 - INFO - Début du scraping...
2024-05-25 18:08:05,443 - INFO - Page scraped
2024-05-25 18:08:18,068 - INFO - Page scraped
2024-05-25 18:08:30,178 - INFO - Page scraped
2024-05-25 18:08:42,044 - INFO - Page scraped
2024-05-25 18:09:04,679 - ERROR - Timeout occurred while waiting for the next page to load.
2024-05-25 18:14:19,249 - INFO - Début du scraping...
2024-05-25 18:18:56,063 - INFO - Début du scraping...
2024-05-25 18:20:03,047 - INFO - Page scraped
2024-05-25 18:20:15,854 - INFO - Page scraped
2024-05-25 18:20:27,560 - INFO - Page scraped
2024-05-25 18:20:39,265 - INFO - Page scraped
2024-05-25 18:20:51,267 - INFO - Page scraped
2024-05-25 18:21:04,454 - INFO - Page scraped
2024-05-25 18:21:26,780 - ERROR - Timeout occurred while waiting for the next page to load.
2024-05-28 13:04:08,702 - INFO - Début du scraping...
2024-05-28 13:05:06,358 - INFO - Page scraped
2024-05-28 13:05:17,167 - INFO - Page scraped
2024-05-28 13:05:30,742 - INFO - Page scraped
2024-05-28 13:05:48,105 - INFO - Page scraped
2024-05-28 13:06:09,730 - ERROR - Timeout occurred while waiting for the next page to load.
2024-05-28 13:34:54,248 - INFO - Début du scraping...
2024-05-28 13:35:43,880 - INFO - Page scraped
2024-05-28 13:35:59,597 - INFO - Page scraped
2024-05-28 13:36:22,002 - ERROR - Timeout occurred while waiting for the next page to load.
2024-05-28 13:40:43,340 - INFO - Début du scraping...
2024-05-28 13:41:46,177 - INFO - Page scraped
2024-05-28 13:42:04,725 - INFO - Page scraped
2024-05-28 13:42:26,623 - ERROR - Timeout occurred while waiting for the next page to load.
2024-05-28 13:46:54,885 - INFO - Début du scraping...
2024-05-28 13:48:12,611 - ERROR - Timeout occurred while waiting for the next page to load.
2024-05-28 13:54:09,688 - INFO - Début du scraping...
2024-05-28 13:55:14,280 - ERROR - Timeout occurred while waiting for the next page to load.
2024-05-28 14:19:32,646 - INFO - Début du scraping...
2024-05-28 14:22:42,545 - INFO - Début du scraping...
2024-05-28 14:23:40,675 - ERROR - Timeout occurred while waiting for the next page to load.
2024-05-28 14:44:06,963 - INFO - Début du scraping...
2024-05-28 14:45:24,199 - ERROR - Timeout occurred while waiting for the next page to load.
2024-05-28 14:50:06,618 - INFO - Début du scraping...
2024-05-28 14:51:18,181 - ERROR - Timeout occurred while waiting for the next page to load.
2024-05-28 14:56:40,464 - INFO - Début du scraping...
2024-05-28 14:57:46,772 - ERROR - Timeout occurred while waiting for the next page to load.
2024-05-28 14:59:54,672 - INFO - Début du scraping...
2024-05-28 15:00:54,069 - ERROR - Timeout occurred while waiting for the next page to load.
2024-05-28 15:03:11,736 - INFO - Début du scraping...
2024-05-28 15:04:14,541 - ERROR - Timeout occurred while waiting for the next page to load.
2024-05-28 15:05:17,115 - INFO - Début du scraping...
2024-05-28 15:06:19,013 - ERROR - Timeout occurred while waiting for the next page to load.
2024-05-28 15:11:42,497 - INFO - Début du scraping...
2024-05-28 15:12:19,259 - INFO - Next page link not found. Assuming no more pages.
2024-05-28 15:13:10,934 - INFO - Début du scraping...
2024-05-28 15:14:16,913 - ERROR - Timeout occurred while waiting for the next page to load.
2024-05-28 15:20:58,985 - INFO - Début du scraping...
2024-05-28 15:24:38,455 - INFO - Début du scraping...
2024-05-28 15:25:30,685 - INFO - Page scraped
2024-05-28 15:25:41,361 - INFO - Page scraped
2024-05-28 15:25:53,592 - INFO - Page scraped
2024-05-28 15:26:05,807 - INFO - Page scraped
2024-05-28 15:26:18,199 - INFO - Page scraped
2024-05-28 15:26:30,809 - INFO - Page scraped
2024-05-28 15:26:54,101 - ERROR - Timeout occurred while waiting for the next page to load.
2024-05-28 15:36:40,377 - INFO - Début du scraping...
2024-05-28 15:37:31,999 - INFO - Page scraped
2024-05-28 15:37:49,161 - INFO - Page scraped
2024-05-28 15:38:04,330 - INFO - Page scraped
2024-05-28 15:38:15,735 - INFO - Page scraped
2024-05-28 15:38:34,269 - INFO - Page scraped
2024-05-28 15:38:49,169 - INFO - Page scraped
2024-05-28 15:39:04,945 - INFO - Page scraped
2024-05-28 15:39:15,919 - INFO - Page scraped
2024-05-28 15:39:29,443 - INFO - Page scraped
2024-05-28 15:39:38,826 - INFO - Page scraped
2024-05-28 15:39:50,493 - INFO - Page scraped
2024-05-28 15:40:01,981 - INFO - Page scraped
2024-05-28 15:40:13,405 - INFO - Page scraped
2024-05-28 15:40:27,404 - INFO - Page scraped
2024-05-28 15:40:37,116 - INFO - Page scraped
2024-05-28 15:40:48,543 - INFO - Page scraped
2024-05-28 15:41:10,177 - ERROR - Timeout occurred while waiting for the next page to load.
2024-05-28 15:44:40,431 - INFO - Début du scraping...
2024-05-28 15:45:14,188 - INFO - Début du scraping...
2024-05-28 15:45:52,946 - INFO - Next page link not found. Assuming no more pages.
2024-05-28 15:46:09,494 - INFO - Début du scraping...
2024-05-28 15:46:56,561 - INFO - Page scraped
2024-05-28 15:47:08,517 - INFO - Page scraped
2024-05-28 15:47:20,670 - INFO - Page scraped
2024-05-28 15:47:32,085 - INFO - Page scraped
2024-05-28 15:47:43,649 - INFO - Page scraped
2024-05-28 15:47:55,043 - INFO - Page scraped
2024-05-28 15:48:06,751 - INFO - Page scraped
2024-05-28 15:48:18,731 - INFO - Page scraped
2024-05-28 15:48:30,604 - INFO - Page scraped
2024-05-28 15:48:42,697 - INFO - Page scraped
2024-05-28 15:48:57,153 - INFO - Page scraped
2024-05-28 15:49:06,961 - INFO - Page scraped
2024-05-28 15:49:28,839 - ERROR - Timeout occurred while waiting for the next page to load.
2024-05-28 15:52:39,652 - INFO - Début du scraping...
2024-05-28 15:52:55,752 - INFO - Début du scraping...
2024-05-28 15:53:33,900 - INFO - Next page link not found. Assuming no more pages.
2024-05-28 15:54:15,747 - INFO - Début du scraping...
2024-05-29 11:17:08,185 - INFO - Début du scraping...
2024-05-29 11:17:51,944 - INFO - Next page link not found. Assuming no more pages.
2024-05-29 11:18:05,108 - INFO - Début du scraping...
2024-05-29 11:18:49,165 - INFO - Next page link not found. Assuming no more pages.
2024-05-29 11:19:02,584 - INFO - Début du scraping...
2024-05-29 11:19:59,490 - INFO - Page scraped
2024-05-29 11:20:08,203 - INFO - Début du scraping...
2024-05-29 11:20:50,249 - INFO - Next page link not found. Assuming no more pages.
2024-05-29 11:21:04,865 - INFO - Début du scraping...
2024-05-29 11:21:44,040 - INFO - Next page link not found. Assuming no more pages.
2024-05-29 11:23:01,644 - INFO - Début du scraping...
2024-05-29 11:24:14,284 - ERROR - Timeout occurred while waiting for the next page to load.
2024-06-10 13:35:09,311 - INFO - Début du scraping...
2024-06-10 13:36:43,757 - ERROR - Timeout occurred while waiting for the next page to load.
2024-06-10 13:37:52,046 - INFO - Début du scraping...
2024-06-10 13:39:12,237 - ERROR - Timeout occurred while waiting for the next page to load.
2024-06-10 13:41:12,220 - INFO - Début du scraping...
2024-06-10 13:42:13,219 - ERROR - Timeout occurred while waiting for the next page to load.
2024-06-10 13:45:04,455 - INFO - Début du scraping...
2024-06-10 13:46:11,790 - ERROR - Timeout occurred while waiting for the next page to load.
2024-06-11 10:13:01,398 - INFO - Début du scraping...
2024-06-11 10:13:40,234 - WARNING - There was an error managing chromedriver (error sending request for url (https://googlechromelabs.github.io/chrome-for-testing/known-good-versions-with-downloads.json): error trying to connect: Une connexion existante a dû être fermée par l’hôte distant. (os error 10054)); using driver found in the cache
2024-06-11 18:58:55,638 - INFO - Début du scraping...
2024-06-12 04:03:37,060 - INFO - Début du scraping...
2024-06-12 04:04:34,458 - INFO - Next page link not found. Assuming no more pages.
2024-06-12 04:20:13,859 - INFO - Début du scraping...
2024-06-12 04:21:17,465 - INFO - Page scraped
2024-06-12 04:21:31,275 - INFO - Page scraped
2024-06-12 04:21:54,877 - ERROR - Timeout occurred while waiting for the next page to load.
2024-06-12 05:14:45,902 - INFO - Début du scraping...
2024-06-12 05:15:50,877 - INFO - Next page link not found. Assuming no more pages.
2024-06-12 05:17:15,540 - INFO - Début du scraping...
2024-06-12 05:18:27,231 - INFO - Page scraped
2024-06-12 05:18:43,010 - INFO - Page scraped
2024-06-12 05:19:14,127 - ERROR - Timeout occurred while waiting for the next page to load.
2024-06-12 14:28:55,041 - INFO - Début du scraping...
2024-06-12 14:29:46,772 - INFO - Next page link not found. Assuming no more pages.
2024-06-12 14:32:14,551 - INFO - Début du scraping...
2024-06-12 14:33:34,538 - INFO - Page scraped
2024-06-12 14:33:59,415 - ERROR - Timeout occurred while waiting for the next page to load.
